Flutter crash report; please file at https://github.com/flutter/flutter/issues.

## command

flutter build bundle --suppress-analytics --target /Users/sriramkota/dev/flutter-apps/weatherapp/lib/main.dart --preview-dart-2 --filesystem-scheme org-dartlang-root --depfile /Users/sriramkota/dev/flutter-apps/weatherapp/build/app/intermediates/flutter/debug/snapshot_blob.bin.d --asset-dir /Users/sriramkota/dev/flutter-apps/weatherapp/build/app/intermediates/flutter/debug/flutter_assets

## exception

FileSystemException: FileSystemException: Cannot copy file to '/Users/sriramkota/dev/flutter/bin/cache/artifacts/engine/ios/LICENSE', path = '/Users/sriramkota/dev/flutter/LICENSE' (OS Error: No such file or directory, errno = 2)

```
#0      _File.copy.<anonymous closure> (dart:io/file_impl.dart:324)
#1      _rootRunUnary (dart:async/zone.dart:1134)
#2      _CustomZone.runUnary (dart:async/zone.dart:1031)
#3      _FutureListener.handleValue (dart:async/future_impl.dart:129)
#4      Future._propagateToListeners.handleValueCallback (dart:async/future_impl.dart:637)
#5      Future._propagateToListeners (dart:async/future_impl.dart:666)
#6      Future._completeWithValue (dart:async/future_impl.dart:481)
#7      Future._asyncComplete.<anonymous closure> (dart:async/future_impl.dart:511)
#8      _rootRun (dart:async/zone.dart:1126)
#9      _CustomZone.run (dart:async/zone.dart:1023)
#10     _CustomZone.bindCallback.<anonymous closure> (dart:async/zone.dart:949)
#11     _microtaskLoop (dart:async/schedule_microtask.dart:41)
#12     _startMicrotaskLoop (dart:async/schedule_microtask.dart:50)
#13     _runPendingImmediateCallback (dart:isolate-patch/dart:isolate/isolate_patch.dart:113)
#14     _RawReceivePortImpl._handleMessage (dart:isolate-patch/dart:isolate/isolate_patch.dart:166)
```

## flutter doctor

```
[!] Flutter (Channel beta, v0.3.2, on Mac OS X 10.13.3 17D47, locale en-US)
    • Flutter version 0.3.2 at /Users/sriramkota/dev/flutter
    • Framework revision 44b7e7d3f4 (5 weeks ago), 2018-05-11 21:44:54 -0700
    • Engine revision 06afdfe54e
    • Dart version 2.0.0-dev.48.0.flutter-fe606f890b
    ✗ Downloaded executables cannot execute on host.
      See https://github.com/flutter/flutter/issues/6207 for more information
      

[✓] Android toolchain - develop for Android devices (Android SDK 27.0.3)
    • Android SDK at /Users/sriramkota/Library/Android/sdk
    • Android NDK location not configured (optional; useful for native profiling support)
    • Platform android-27, build-tools 27.0.3
    • Java binary at: /Applications/Android Studio.app/Contents/jre/jdk/Contents/Home/bin/java
    • Java version OpenJDK Runtime Environment (build 1.8.0_152-release-1024-b01)
    • All Android licenses accepted.

[✓] iOS toolchain - develop for iOS devices (Xcode 9.2)
    • Xcode at /Applications/Xcode.app/Contents/Developer
    • Xcode 9.2, Build version 9C40b
    • ios-deploy 1.9.2
    • CocoaPods version 1.5.2

[✓] Android Studio (version 3.1)
    • Android Studio at /Applications/Android Studio.app/Contents
    • Flutter plugin version 24.2.1
    • Dart plugin version 173.4700
    • Java version OpenJDK Runtime Environment (build 1.8.0_152-release-1024-b01)

[✓] VS Code (version 1.23.1)
    • VS Code at /Applications/Visual Studio Code.app/Contents
    • Dart Code extension version 2.12.1

[✓] Connected devices (1 available)
    • Android SDK built for x86 • emulator-5554 • android-x86 • Android 5.1.1 (API 22) (emulator)

! Doctor found issues in 1 category.
```
